  glad.c
  main.cpp
glfw3.lib(init.obj) : warning LNK4099: PDB '' n'a pu être trouvé avec 'glfw3.lib(init.obj)' ou sur '' ; l'objet sera lié sans informations de débogage
glfw3.lib(window.obj) : warning LNK4099: PDB '' n'a pu être trouvé avec 'glfw3.lib(window.obj)' ou sur '' ; l'objet sera lié sans informations de débogage
glfw3.lib(context.obj) : warning LNK4099: PDB '' n'a pu être trouvé avec 'glfw3.lib(context.obj)' ou sur '' ; l'objet sera lié sans informations de débogage
glfw3.lib(input.obj) : warning LNK4099: PDB '' n'a pu être trouvé avec 'glfw3.lib(input.obj)' ou sur '' ; l'objet sera lié sans informations de débogage
glfw3.lib(win32_time.obj) : warning LNK4099: PDB '' n'a pu être trouvé avec 'glfw3.lib(win32_time.obj)' ou sur '' ; l'objet sera lié sans informations de débogage
glfw3.lib(win32_thread.obj) : warning LNK4099: PDB '' n'a pu être trouvé avec 'glfw3.lib(win32_thread.obj)' ou sur '' ; l'objet sera lié sans informations de débogage
glfw3.lib(platform.obj) : warning LNK4099: PDB '' n'a pu être trouvé avec 'glfw3.lib(platform.obj)' ou sur '' ; l'objet sera lié sans informations de débogage
glfw3.lib(monitor.obj) : warning LNK4099: PDB '' n'a pu être trouvé avec 'glfw3.lib(monitor.obj)' ou sur '' ; l'objet sera lié sans informations de débogage
glfw3.lib(vulkan.obj) : warning LNK4099: PDB '' n'a pu être trouvé avec 'glfw3.lib(vulkan.obj)' ou sur '' ; l'objet sera lié sans informations de débogage
glfw3.lib(win32_init.obj) : warning LNK4099: PDB '' n'a pu être trouvé avec 'glfw3.lib(win32_init.obj)' ou sur '' ; l'objet sera lié sans informations de débogage
glfw3.lib(null_init.obj) : warning LNK4099: PDB '' n'a pu être trouvé avec 'glfw3.lib(null_init.obj)' ou sur '' ; l'objet sera lié sans informations de débogage
glfw3.lib(win32_module.obj) : warning LNK4099: PDB '' n'a pu être trouvé avec 'glfw3.lib(win32_module.obj)' ou sur '' ; l'objet sera lié sans informations de débogage
glfw3.lib(win32_monitor.obj) : warning LNK4099: PDB '' n'a pu être trouvé avec 'glfw3.lib(win32_monitor.obj)' ou sur '' ; l'objet sera lié sans informations de débogage
glfw3.lib(win32_window.obj) : warning LNK4099: PDB '' n'a pu être trouvé avec 'glfw3.lib(win32_window.obj)' ou sur '' ; l'objet sera lié sans informations de débogage
glfw3.lib(win32_joystick.obj) : warning LNK4099: PDB '' n'a pu être trouvé avec 'glfw3.lib(win32_joystick.obj)' ou sur '' ; l'objet sera lié sans informations de débogage
glfw3.lib(wgl_context.obj) : warning LNK4099: PDB '' n'a pu être trouvé avec 'glfw3.lib(wgl_context.obj)' ou sur '' ; l'objet sera lié sans informations de débogage
glfw3.lib(egl_context.obj) : warning LNK4099: PDB '' n'a pu être trouvé avec 'glfw3.lib(egl_context.obj)' ou sur '' ; l'objet sera lié sans informations de débogage
glfw3.lib(osmesa_context.obj) : warning LNK4099: PDB '' n'a pu être trouvé avec 'glfw3.lib(osmesa_context.obj)' ou sur '' ; l'objet sera lié sans informations de débogage
glfw3.lib(null_monitor.obj) : warning LNK4099: PDB '' n'a pu être trouvé avec 'glfw3.lib(null_monitor.obj)' ou sur '' ; l'objet sera lié sans informations de débogage
glfw3.lib(null_window.obj) : warning LNK4099: PDB '' n'a pu être trouvé avec 'glfw3.lib(null_window.obj)' ou sur '' ; l'objet sera lié sans informations de débogage
glfw3.lib(null_joystick.obj) : warning LNK4099: PDB '' n'a pu être trouvé avec 'glfw3.lib(null_joystick.obj)' ou sur '' ; l'objet sera lié sans informations de débogage
  SourceCode.vcxproj -> Z:\GitHub\But1-Info-ParisRDS\Projet Perso\CPP\MinecraftClone\SourceCode\x64\Debug\SourceCode.exe
